<?xml version="1.0" encoding="utf-8"?>
<test-run id="2" testcasecount="3" result="Passed" total="3" passed="3" failed="0" inconclusive="0" skipped="0" asserts="0" engine-version="3.5.0.0" clr-version="4.0.30319.42000" start-time="2026-08-30 03:14:59Z" end-time="2026-08-30 03:14:59Z" duration="0.4369507">
  <test-suite type="TestSuite" id="1000" name="SRP-Weather-Visual" fullname="SRP-Weather-Visual" runstate="Runnable" testcasecount="3" result="Passed" start-time="2026-08-30 03:14:59Z" end-time="2026-08-30 03:14:59Z" duration="0.436951" total="3" passed="3" failed="0" inconclusive="0" skipped="0" asserts="0">
    <properties>
      <property name="platform" value="EditMode" />
    </properties>
    <test-suite type="Assembly" id="1006" name="SRP.F03.EditModeTests.dll" fullname="D:/Agent/f03v3/02-技术研发/04-Unity视觉/SRP-Weather-Visual/Library/ScriptAssemblies/SRP.F03.EditModeTests.dll" runstate="Runnable" testcasecount="3" result="Passed" start-time="2026-08-30 03:14:59Z" end-time="2026-08-30 03:14:59Z" duration="0.431572" total="3" passed="3" failed="0" inconclusive="0" skipped="0" asserts="0">
      <properties>
        <property name="_PID" value="47644" />
        <property name="_APPDOMAIN" value="Unity Child Domain" />
        <property name="platform" value="EditMode" />
        <property name="EditorOnly" value="True" />
      </properties>
      <test-suite type="TestSuite" id="1007" name="SRP" fullname="SRP" runstate="Runnable" testcasecount="3" result="Passed" start-time="2026-08-30 03:14:59Z" end-time="2026-08-30 03:14:59Z" duration="0.431311" total="3" passed="3" failed="0" inconclusive="0" skipped="0" asserts="0">
        <properties />
        <test-suite type="TestSuite" id="1008" name="F03" fullname="SRP.F03" runstate="Runnable" testcasecount="3" result="Passed" start-time="2026-08-30 03:14:59Z" end-time="2026-08-30 03:14:59Z" duration="0.431173" total="3" passed="3" failed="0" inconclusive="0" skipped="0" asserts="0">
          <properties />
          <test-suite type="TestSuite" id="1009" name="Tests" fullname="SRP.F03.Tests" runstate="Runnable" testcasecount="3" result="Passed" start-time="2026-08-30 03:14:59Z" end-time="2026-08-30 03:14:59Z" duration="0.431021" total="3" passed="3" failed="0" inconclusive="0" skipped="0" asserts="0">
            <properties />
            <test-suite type="TestFixture" id="1002" name="DevReplayEditModeTests" fullname="SRP.F03.Tests.DevReplayEditModeTests" classname="SRP.F03.Tests.DevReplayEditModeTests" runstate="Runnable" testcasecount="3" result="Passed" start-time="2026-08-30 03:14:59Z" end-time="2026-08-30 03:14:59Z" duration="0.430329" total="3" passed="3" failed="0" inconclusive="0" skipped="0" asserts="0">
              <properties />
              <test-case id="1003" name="BannerExposesNonFormalIdentityAndBuildEvidence" fullname="SRP.F03.Tests.DevReplayEditModeTests.BannerExposesNonFormalIdentityAndBuildEvidence" methodname="BannerExposesNonFormalIdentityAndBuildEvidence" classname="SRP.F03.Tests.DevReplayEditModeTests" runstate="Runnable" seed="801455005" result="Passed" start-time="2026-08-30 03:14:59Z" end-time="2026-08-30 03:14:59Z" duration="0.010933" asserts="0">
                <properties>
                  <property name="retryIteration" value="0" />
                  <property name="repeatIteration" value="0" />
                </properties>
              </test-case>
              <test-case id="1004" name="DevelopmentBuildRequiresExplicitF03Authorization" fullname="SRP.F03.Tests.DevReplayEditModeTests.DevelopmentBuildRequiresExplicitF03Authorization" methodname="DevelopmentBuildRequiresExplicitF03Authorization" classname="SRP.F03.Tests.DevReplayEditModeTests" runstate="Runnable" seed="528215363" result="Passed" start-time="2026-08-30 03:14:59Z" end-time="2026-08-30 03:14:59Z" duration="0.000442" asserts="0">
                <properties>
                  <property name="retryIteration" value="0" />
                  <property name="repeatIteration" value="0" />
                </properties>
              </test-case>
              <test-case id="1005" name="DevelopmentSceneContainsOnlyTheF03MarkerRuntime" fullname="SRP.F03.Tests.DevReplayEditModeTests.DevelopmentSceneContainsOnlyTheF03MarkerRuntime" methodname="DevelopmentSceneContainsOnlyTheF03MarkerRuntime" classname="SRP.F03.Tests.DevReplayEditModeTests" runstate="Runnable" seed="1604287533" result="Passed" start-time="2026-08-30 03:14:59Z" end-time="2026-08-30 03:14:59Z" duration="0.406751" asserts="0">
                <properties>
                  <property name="retryIteration" value="0" />
                  <property name="repeatIteration" value="0" />
                </properties>
                <output><![CDATA[<b><color=#2EA3FF>MCP-FOR-UNITY</color></b>: [TestRunnerNoThrottle] Restored Interaction Mode after test run.
Saving results to: C:/Users/fujunye/AppData/LocalLow/DefaultCompany/SRP-Weather-Visual\TestResults.xml
]]></output>
              </test-case>
            </test-suite>
          </test-suite>
        </test-suite>
      </test-suite>
    </test-suite>
  </test-suite>
</test-run>