<?xml version="1.0" encoding="utf-8"?>
<test-run id="2" testcasecount="1" result="Passed" total="1" passed="1" failed="0" inconclusive="0" skipped="0" asserts="0" engine-version="3.5.0.0" clr-version="4.0.30319.42000" start-time="2026-08-30 03:15:13Z" end-time="2026-08-30 03:15:13Z" duration="0.0229657">
  <test-suite type="TestSuite" id="1010" name="SRP-Weather-Visual" fullname="SRP-Weather-Visual" runstate="Runnable" testcasecount="1" result="Passed" start-time="2026-08-30 03:15:13Z" end-time="2026-08-30 03:15:13Z" duration="0.022966" total="1" passed="1" failed="0" inconclusive="0" skipped="0" asserts="0">
    <properties>
      <property name="platform" value="PlayMode" />
    </properties>
    <test-suite type="Assembly" id="1003" name="SRP.F03.PlayModeTests.dll" fullname="D:/Agent/f03v3/02-技术研发/04-Unity视觉/SRP-Weather-Visual/Library/ScriptAssemblies/SRP.F03.PlayModeTests.dll" runstate="Runnable" testcasecount="1" result="Passed" start-time="2026-08-30 03:15:13Z" end-time="2026-08-30 03:15:13Z" duration="0.018556" total="1" passed="1" failed="0" inconclusive="0" skipped="0" asserts="0">
      <properties>
        <property name="_PID" value="43548" />
        <property name="_APPDOMAIN" value="Unity Child Domain" />
        <property name="platform" value="PlayMode" />
        <property name="EditorOnly" value="False" />
      </properties>
      <test-suite type="TestSuite" id="1004" name="SRP" fullname="SRP" runstate="Runnable" testcasecount="1" result="Passed" start-time="2026-08-30 03:15:13Z" end-time="2026-08-30 03:15:13Z" duration="0.018257" total="1" passed="1" failed="0" inconclusive="0" skipped="0" asserts="0">
        <properties />
        <test-suite type="TestSuite" id="1005" name="F03" fullname="SRP.F03" runstate="Runnable" testcasecount="1" result="Passed" start-time="2026-08-30 03:15:13Z" end-time="2026-08-30 03:15:13Z" duration="0.018083" total="1" passed="1" failed="0" inconclusive="0" skipped="0" asserts="0">
          <properties />
          <test-suite type="TestSuite" id="1006" name="Tests" fullname="SRP.F03.Tests" runstate="Runnable" testcasecount="1" result="Passed" start-time="2026-08-30 03:15:13Z" end-time="2026-08-30 03:15:13Z" duration="0.017884" total="1" passed="1" failed="0" inconclusive="0" skipped="0" asserts="0">
            <properties />
            <test-suite type="TestFixture" id="1001" name="DevReplayPlayModeTests" fullname="SRP.F03.Tests.DevReplayPlayModeTests" classname="SRP.F03.Tests.DevReplayPlayModeTests" runstate="Runnable" testcasecount="1" result="Passed" start-time="2026-08-30 03:15:13Z" end-time="2026-08-30 03:15:13Z" duration="0.017239" total="1" passed="1" failed="0" inconclusive="0" skipped="0" asserts="0">
              <properties />
              <test-case id="1002" name="BannerRemainsVisibleAndNonFormalAcrossFrames" fullname="SRP.F03.Tests.DevReplayPlayModeTests.BannerRemainsVisibleAndNonFormalAcrossFrames" methodname="BannerRemainsVisibleAndNonFormalAcrossFrames" classname="SRP.F03.Tests.DevReplayPlayModeTests" runstate="Runnable" seed="985220418" result="Passed" start-time="2026-08-30 03:15:13Z" end-time="2026-08-30 03:15:13Z" duration="0.009757" asserts="0">
                <properties>
                  <property name="_JOINTYPE" value="UnityCombinatorial" />
                  <property name="retryIteration" value="0" />
                  <property name="repeatIteration" value="0" />
                </properties>
                <output><![CDATA[F03_DEV_REPLAY_READY commit=WORKTREE unity=6000.4.9f1 (f7258d6eebbe)
<b><color=#2EA3FF>MCP-FOR-UNITY</color></b>: [TestRunnerNoThrottle] Restored Interaction Mode after test run.
Saving results to: C:/Users/fujunye/AppData/LocalLow/DefaultCompany/SRP-Weather-Visual\TestResults.xml
]]></output>
              </test-case>
            </test-suite>
          </test-suite>
        </test-suite>
      </test-suite>
    </test-suite>
  </test-suite>
</test-run>